<?xml version="1.0" encoding="UTF-8"?>
<!-- Generated by org.testng.reporters.JUnitReportReporter -->
<testsuite hostname="DESKTOP-OS27IQH" failures="0" tests="3" name="qtriptest.tests.testCase_01" time="194.406" errors="0" timestamp="2024-01-02T17:18:26 IST" skipped="0">
  <testcase classname="qtriptest.tests.testCase_01" name="TestCase01" time="30.247"/>
  <system-out/>
  <testcase classname="qtriptest.tests.testCase_01" name="TestCase01" time="82.170"/>
  <system-out/>
  <testcase classname="qtriptest.tests.testCase_01" name="TestCase01" time="81.989"/>
  <system-out/>
</testsuite> <!-- qtriptest.tests.testCase_01 -->
