<?xml version="1.0" encoding="UTF-8"?>
<!-- Generated by org.testng.reporters.JUnitReportReporter -->
<testsuite hostname="DESKTOP-OS27IQH" failures="0" tests="3" name="qtriptest.tests.testCase_03" time="16.234" errors="0" timestamp="2024-01-02T17:18:26 IST" skipped="0">
  <testcase classname="qtriptest.tests.testCase_03" name="TestCase03" time="5.422"/>
  <system-out/>
  <testcase classname="qtriptest.tests.testCase_03" name="TestCase03" time="5.400"/>
  <system-out/>
  <testcase classname="qtriptest.tests.testCase_03" name="TestCase03" time="5.412"/>
  <system-out/>
</testsuite> <!-- qtriptest.tests.testCase_03 -->
